<?xml version="1.0" encoding="UTF-8"?>
<!-- Generated by org.testng.reporters.JUnitReportReporter -->
<testsuite hostname="Mohameds-MacBook-Pro.local" failures="0" tests="2" name="qaclickacademy.RestApiTest" time="0.000" errors="0" timestamp="07 Dec 2019 04:48:10 GMT" skipped="0">
  <testcase classname="qaclickacademy.RestApiTest" name="TwitterDeleteTestCase" time="0.000"/>
  <testcase classname="qaclickacademy.RestApiTest" name="PostJira" time="0.000"/>
</testsuite> <!-- qaclickacademy.RestApiTest -->
