<?xml version="1.0" encoding="UTF-8"?>
<!-- Generated by org.testng.reporters.JUnitReportReporter -->
<testsuite hostname="Mohameds-MacBook-Pro.local" failures="0" tests="2" name="qaclickacademy.AppiumTest" time="0.004" errors="0" timestamp="07 Dec 2019 04:55:51 GMT" skipped="0">
  <testcase classname="qaclickacademy.AppiumTest" name="IOsApps" time="0.004"/>
  <testcase classname="qaclickacademy.AppiumTest" name="nativeAppAndriod" time="0.000"/>
</testsuite> <!-- qaclickacademy.AppiumTest -->
