<?xml version="1.0" encoding="UTF-8"?>
<!-- Generated by org.testng.reporters.JUnitReportReporter -->
<testsuite hostname="Mohameds-MacBook-Pro.local" failures="0" tests="2" name="qaclickacademy.AppiumTest" time="0.002" errors="0" timestamp="08 Dec 2019 03:37:38 GMT" skipped="0">
  <testcase classname="qaclickacademy.AppiumTest" name="nativeAppAndriod" time="0.001"/>
  <testcase classname="qaclickacademy.AppiumTest" name="IOsApps" time="0.001"/>
</testsuite> <!-- qaclickacademy.AppiumTest -->
